# JRE version: OpenJDK Runtime Environment (17.0.6) (build 17.0.6+0-b2043.56-10027231)
# Java VM: OpenJDK 64-Bit Server VM (17.0.6+0-b2043.56-10027231, mixed mode, tiered, compressed oops, compressed class ptrs, g1 gc, windows-amd64)
GC Precious Log:
 CPUs: 4 total, 4 available
 Memory: 11978M
 Large Page Support: Disabled
 NUMA Support: Disabled
 Compressed Oops: Enabled (32-bit)
 Heap Region Size: 1M
 Heap Min Capacity: 8M
 Heap Initial Capacity: 188M
 Heap Max Capacity: 2G
 Pre-touch: Disabled
 Parallel Workers: 4
 Concurrent Workers: 1
 Concurrent Refinement Workers: 4
 Periodic GC: Disabled
Heap:
 garbage-first heap   total 443392K, used 238320K [0x0000000080000000, 0x0000000100000000)
  region size 1024K, 21 young (21504K), 2 survivors (2048K)
 Metaspace       used 124466K, committed 125632K, reserved 1163264K
  class space    used 16538K, committed 17152K, reserved 1048576K
GC Heap History (20 events):
Event: 23.919 GC heap before
{Heap before GC invocations=49 (full 0):
 garbage-first heap   total 443392K, used 282799K [0x0000000080000000, 0x0000000100000000)
  region size 1024K, 138 young (141312K), 1 survivors (1024K)
 Metaspace       used 92333K, committed 93120K, reserved 1130496K
  class space    used 12691K, committed 13056K, reserved 1048576K
}
Event: 23.958 GC heap after
{Heap after GC invocations=50 (full 0):
 garbage-first heap   total 443392K, used 159891K [0x0000000080000000, 0x0000000100000000)
  region size 1024K, 18 young (18432K), 18 survivors (18432K)
 Metaspace       used 92333K, committed 93120K, reserved 1130496K
  class space    used 12691K, committed 13056K, reserved 1048576K
}
Event: 25.908 GC heap before
{Heap before GC invocations=50 (full 0):
 garbage-first heap   total 443392K, used 298131K [0x0000000080000000, 0x0000000100000000)
  region size 1024K, 153 young (156672K), 18 survivors (18432K)
 Metaspace       used 92350K, committed 93120K, reserved 1130496K
  class space    used 12694K, committed 13056K, reserved 1048576K
}
Event: 25.926 GC heap after
{Heap after GC invocations=51 (full 0):
 garbage-first heap   total 443392K, used 167215K [0x0000000080000000, 0x0000000100000000)
  region size 1024K, 7 young (7168K), 7 survivors (7168K)
 Metaspace       used 92350K, committed 93120K, reserved 1130496K
  class space    used 12694K, committed 13056K, reserved 1048576K
}
Event: 26.389 GC heap before
{Heap before GC invocations=51 (full 0):
 garbage-first heap   total 443392K, used 214319K [0x0000000080000000, 0x0000000100000000)
  region size 1024K, 50 young (51200K), 7 survivors (7168K)
 Metaspace       used 92390K, committed 93120K, reserved 1130496K
  class space    used 12704K, committed 13056K, reserved 1048576K
}
Event: 26.398 GC heap after
{Heap after GC invocations=52 (full 0):
 garbage-first heap   total 443392K, used 173159K [0x0000000080000000, 0x0000000100000000)
  region size 1024K, 9 young (9216K), 9 survivors (9216K)
 Metaspace       used 92390K, committed 93120K, reserved 1130496K
  class space    used 12704K, committed 13056K, reserved 1048576K
}
Event: 29.102 GC heap before
{Heap before GC invocations=53 (full 0):
 garbage-first heap   total 443392K, used 340071K [0x0000000080000000, 0x0000000100000000)
  region size 1024K, 159 young (162816K), 9 survivors (9216K)
 Metaspace       used 105577K, committed 106368K, reserved 1146880K
  class space    used 14225K, committed 14592K, reserved 1048576K
}
Event: 29.128 GC heap after
{Heap after GC invocations=54 (full 0):
 garbage-first heap   total 443392K, used 184320K [0x0000000080000000, 0x0000000100000000)
  region size 1024K, 20 young (20480K), 20 survivors (20480K)
 Metaspace       used 105577K, committed 106368K, reserved 1146880K
  class space    used 14225K, committed 14592K, reserved 1048576K
}
Event: 29.151 GC heap before
{Heap before GC invocations=54 (full 0):
 garbage-first heap   total 443392K, used 185344K [0x0000000080000000, 0x0000000100000000)
  region size 1024K, 21 young (21504K), 20 survivors (20480K)
 Metaspace       used 105585K, committed 106368K, reserved 1146880K
  class space    used 14225K, committed 14592K, reserved 1048576K
}
Event: 29.166 GC heap after
{Heap after GC invocations=55 (full 0):
 garbage-first heap   total 443392K, used 186368K [0x0000000080000000, 0x0000000100000000)
  region size 1024K, 2 young (2048K), 2 survivors (2048K)
 Metaspace       used 105585K, committed 106368K, reserved 1146880K
  class space    used 14225K, committed 14592K, reserved 1048576K
}
Event: 1092.769 GC heap before
{Heap before GC invocations=55 (full 0):
 garbage-first heap   total 443392K, used 333824K [0x0000000080000000, 0x0000000100000000)
  region size 1024K, 146 young (149504K), 2 survivors (2048K)
 Metaspace       used 113669K, committed 114752K, reserved 1155072K
  class space    used 15234K, committed 15808K, reserved 1048576K
}
Event: 1092.783 GC heap after
{Heap after GC invocations=56 (full 0):
 garbage-first heap   total 443392K, used 195212K [0x0000000080000000, 0x0000000100000000)
  region size 1024K, 11 young (11264K), 11 survivors (11264K)
 Metaspace       used 113669K, committed 114752K, reserved 1155072K
  class space    used 15234K, committed 15808K, reserved 1048576K
}
Event: 1752.237 GC heap before
{Heap before GC invocations=56 (full 0):
 garbage-first heap   total 443392K, used 342668K [0x0000000080000000, 0x0000000100000000)
  region size 1024K, 155 young (158720K), 11 survivors (11264K)
 Metaspace       used 116272K, committed 117440K, reserved 1155072K
  class space    used 15541K, committed 16128K, reserved 1048576K
}
Event: 1752.270 GC heap after
{Heap after GC invocations=57 (full 0):
 garbage-first heap   total 443392K, used 211391K [0x0000000080000000, 0x0000000100000000)
  region size 1024K, 16 young (16384K), 16 survivors (16384K)
 Metaspace       used 116272K, committed 117440K, reserved 1155072K
  class space    used 15541K, committed 16128K, reserved 1048576K
}
Event: 1753.108 GC heap before
{Heap before GC invocations=57 (full 0):
 garbage-first heap   total 443392K, used 243135K [0x0000000080000000, 0x0000000100000000)
  region size 1024K, 49 young (50176K), 16 survivors (16384K)
 Metaspace       used 117377K, committed 118528K, reserved 1155072K
  class space    used 15719K, committed 16320K, reserved 1048576K
}
Event: 1753.125 GC heap after
{Heap after GC invocations=58 (full 0):
 garbage-first heap   total 443392K, used 215391K [0x0000000080000000, 0x0000000100000000)
  region size 1024K, 4 young (4096K), 4 survivors (4096K)
 Metaspace       used 117377K, committed 118528K, reserved 1155072K
  class space    used 15719K, committed 16320K, reserved 1048576K
}
Event: 1757.118 GC heap before
{Heap before GC invocations=59 (full 0):
 garbage-first heap   total 443392K, used 375135K [0x0000000080000000, 0x0000000100000000)
  region size 1024K, 142 young (145408K), 4 survivors (4096K)
 Metaspace       used 124196K, committed 125440K, reserved 1163264K
  class space    used 16513K, committed 17152K, reserved 1048576K
}
Event: 1757.129 GC heap after
{Heap after GC invocations=60 (full 0):
 garbage-first heap   total 443392K, used 221562K [0x0000000080000000, 0x0000000100000000)
  region size 1024K, 10 young (10240K), 10 survivors (10240K)
 Metaspace       used 124196K, committed 125440K, reserved 1163264K
  class space    used 16513K, committed 17152K, reserved 1048576K
}
Event: 1757.468 GC heap before
{Heap before GC invocations=60 (full 0):
 garbage-first heap   total 443392K, used 231802K [0x0000000080000000, 0x0000000100000000)
  region size 1024K, 21 young (21504K), 10 survivors (10240K)
 Metaspace       used 124242K, committed 125440K, reserved 1163264K
  class space    used 16518K, committed 17152K, reserved 1048576K
}
Event: 1757.481 GC heap after
{Heap after GC invocations=61 (full 0):
 garbage-first heap   total 443392K, used 219888K [0x0000000080000000, 0x0000000100000000)
  region size 1024K, 2 young (2048K), 2 survivors (2048K)
 Metaspace       used 124242K, committed 125440K, reserved 1163264K
  class space    used 16518K, committed 17152K, reserved 1048576K
}

